2026-03-01 00:20:03.981401 | run logger initialized
2026-03-01 00:20:03.981533 | Run diagnostics directory: debug/runs/main_20260301_002003_981157
2026-03-01 00:20:03.981595 | flags capture_once=False classify_once=False click_once=True dry_run=False
2026-03-01 00:20:04.009613 | Loaded core templates: block.png, background.png
2026-03-01 00:20:04.009800 | Runtime state initialized: {'move_count': 0, 'consecutive_failures': 0, 'last_full_rescan_move': 0, 'rescan_requested': False, 'last_rescan_reason': None, 'last_event': 'init', 'last_pair': None}
2026-03-01 00:20:04.009888 | capture stable start: settle_wait_ms=500, stability_check_frames=2, stability_pixel_diff_threshold=8.0
2026-03-01 00:20:04.607347 | snapshot saved: debug/runs/main_20260301_002003_981157/stability_frame_initial_20260301_002004_605569.png
2026-03-01 00:20:04.667023 | stability attempt=1/12 diff=0.000 stable_pairs=1
2026-03-01 00:20:04.726145 | stability attempt=2/12 diff=0.000 stable_pairs=2
2026-03-01 00:20:04.728141 | snapshot saved: debug/runs/main_20260301_002003_981157/stability_frame_final_20260301_002004_726264.png
2026-03-01 00:20:04.730018 | snapshot saved: debug/runs/main_20260301_002003_981157/click_frame_attempt_1_20260301_002004_728225.png
2026-03-01 00:20:04.736324 | Classification complete (attempt 1/1). Unknown cells: 2/9
2026-03-01 00:20:04.739950 | snapshot saved: debug/runs/main_20260301_002003_981157/click_classification_overlay_attempt_1_20260301_002004_738231.png
2026-03-01 00:20:04.740276 | classification board attempt=1:
[[ 1  0  1]
 [ 1 -1  1]
 [ 1  1  0]]
2026-03-01 00:20:04.740371 | Selected pair: ((0, 0), (0, 2))
2026-03-01 00:20:04.740430 | click plan: first=(0, 0) -> (3102, 472), second=(0, 2) -> (3260, 472), dry_run=False
2026-03-01 00:20:04.740476 | Pre-click dismiss: tapping configured screen middle before pair click.
2026-03-01 00:20:04.740527 | Pre-dismiss wait: sleeping 1.000s before dismiss click.
2026-03-01 00:20:06.335790 | Post-dismiss wait: sleeping 1.000s before first tile click.
2026-03-01 00:20:10.384358 | Runtime state: {'move_count': 1, 'consecutive_failures': 0, 'last_full_rescan_move': 0, 'rescan_requested': False, 'last_rescan_reason': None, 'last_event': 'move_success', 'last_pair': ((0, 0), (0, 2))}
2026-03-01 00:20:10.384816 | Clicked selected pair.
