2026-03-01 00:09:12.511233 | run logger initialized
2026-03-01 00:09:12.511367 | Run diagnostics directory: debug/runs/main_20260301_000912_510996
2026-03-01 00:09:12.511421 | flags capture_once=False classify_once=False click_once=True dry_run=False
2026-03-01 00:09:12.540647 | Loaded core templates: block.png, background.png
2026-03-01 00:09:12.540818 | Runtime state initialized: {'move_count': 0, 'consecutive_failures': 0, 'last_full_rescan_move': 0, 'rescan_requested': False, 'last_rescan_reason': None, 'last_event': 'init', 'last_pair': None}
2026-03-01 00:09:12.540970 | capture stable start: settle_wait_ms=500, stability_check_frames=2, stability_pixel_diff_threshold=8.0
2026-03-01 00:09:13.141093 | snapshot saved: debug/runs/main_20260301_000912_510996/stability_frame_initial_20260301_000913_139602.png
2026-03-01 00:09:13.200985 | stability attempt=1/12 diff=0.000 stable_pairs=1
2026-03-01 00:09:13.257119 | stability attempt=2/12 diff=0.000 stable_pairs=2
2026-03-01 00:09:13.258640 | snapshot saved: debug/runs/main_20260301_000912_510996/stability_frame_final_20260301_000913_257256.png
2026-03-01 00:09:13.260016 | snapshot saved: debug/runs/main_20260301_000912_510996/click_frame_attempt_1_20260301_000913_258709.png
2026-03-01 00:09:13.265428 | Classification complete (attempt 1/2). Unknown cells: 4/9
2026-03-01 00:09:13.268891 | snapshot saved: debug/runs/main_20260301_000912_510996/click_classification_overlay_attempt_1_20260301_000913_267529.png
2026-03-01 00:09:13.269193 | classification board attempt=1:
[[ 0  0  0]
 [ 1 -1  1]
 [ 1  1  0]]
2026-03-01 00:09:13.269430 | Full rescan trigger: low_confidence
2026-03-01 00:09:13.269482 | capture stable start: settle_wait_ms=500, stability_check_frames=2, stability_pixel_diff_threshold=8.0
2026-03-01 00:09:13.809009 | snapshot saved: debug/runs/main_20260301_000912_510996/stability_frame_initial_20260301_000913_807790.png
2026-03-01 00:09:13.879176 | stability attempt=1/12 diff=0.000 stable_pairs=1
2026-03-01 00:09:13.958791 | stability attempt=2/12 diff=0.009 stable_pairs=2
2026-03-01 00:09:13.960067 | snapshot saved: debug/runs/main_20260301_000912_510996/stability_frame_final_20260301_000913_958954.png
2026-03-01 00:09:13.961584 | snapshot saved: debug/runs/main_20260301_000912_510996/click_frame_attempt_2_20260301_000913_960148.png
2026-03-01 00:09:13.967387 | Classification complete (attempt 2/2). Unknown cells: 9/9
2026-03-01 00:09:13.971902 | snapshot saved: debug/runs/main_20260301_000912_510996/click_classification_overlay_attempt_2_20260301_000913_970643.png
2026-03-01 00:09:13.972099 | classification board attempt=2:
[[0 0 0]
 [0 0 0]
 [0 0 0]]
2026-03-01 00:09:13.972193 | Full rescan trigger: low_confidence
2026-03-01 00:09:13.972253 | Proceeding with latest frame after final recovery attempt.
2026-03-01 00:09:13.972348 | No valid pair found; recorded failure.
2026-03-01 00:09:13.972460 | Runtime state: {'move_count': 0, 'consecutive_failures': 1, 'last_full_rescan_move': 0, 'rescan_requested': True, 'last_rescan_reason': 'low_confidence', 'last_event': 'failure', 'last_pair': None}
