2026-03-01 00:02:02.667958 | run logger initialized
2026-03-01 00:02:02.668096 | Run diagnostics directory: debug/runs/main_20260301_000202_667718
2026-03-01 00:02:02.668152 | flags capture_once=False classify_once=False click_once=True dry_run=False
2026-03-01 00:02:02.712721 | Loaded core templates: block.png, background.png
2026-03-01 00:02:02.712896 | Runtime state initialized: {'move_count': 0, 'consecutive_failures': 0, 'last_full_rescan_move': 0, 'rescan_requested': False, 'last_rescan_reason': None, 'last_event': 'init', 'last_pair': None}
2026-03-01 00:02:02.713052 | capture stable start: settle_wait_ms=500, stability_check_frames=2, stability_pixel_diff_threshold=8.0
2026-03-01 00:02:03.332710 | snapshot saved: debug/runs/main_20260301_000202_667718/stability_frame_initial_20260301_000203_329576.png
2026-03-01 00:02:03.397947 | stability attempt=1/12 diff=0.000 stable_pairs=1
2026-03-01 00:02:03.454959 | stability attempt=2/12 diff=0.000 stable_pairs=2
2026-03-01 00:02:03.457100 | snapshot saved: debug/runs/main_20260301_000202_667718/stability_frame_final_20260301_000203_455145.png
2026-03-01 00:02:03.458982 | snapshot saved: debug/runs/main_20260301_000202_667718/click_frame_attempt_1_20260301_000203_457191.png
2026-03-01 00:02:03.475993 | Classification complete (attempt 1/2). Unknown cells: 4/9
2026-03-01 00:02:03.481519 | snapshot saved: debug/runs/main_20260301_000202_667718/click_classification_overlay_attempt_1_20260301_000203_479856.png
2026-03-01 00:02:03.482027 | classification board attempt=1:
[[ 1  0  0]
 [ 1 -1  0]
 [ 2  2  0]]
2026-03-01 00:02:03.482519 | Full rescan trigger: low_confidence
2026-03-01 00:02:03.482634 | capture stable start: settle_wait_ms=500, stability_check_frames=2, stability_pixel_diff_threshold=8.0
2026-03-01 00:02:04.040422 | snapshot saved: debug/runs/main_20260301_000202_667718/stability_frame_initial_20260301_000204_038505.png
2026-03-01 00:02:04.110761 | stability attempt=1/12 diff=0.000 stable_pairs=1
2026-03-01 00:02:04.178147 | stability attempt=2/12 diff=0.000 stable_pairs=2
2026-03-01 00:02:04.179606 | snapshot saved: debug/runs/main_20260301_000202_667718/stability_frame_final_20260301_000204_178294.png
2026-03-01 00:02:04.180888 | snapshot saved: debug/runs/main_20260301_000202_667718/click_frame_attempt_2_20260301_000204_179693.png
2026-03-01 00:02:04.186433 | Classification complete (attempt 2/2). Unknown cells: 9/9
2026-03-01 00:02:04.190935 | snapshot saved: debug/runs/main_20260301_000202_667718/click_classification_overlay_attempt_2_20260301_000204_189578.png
2026-03-01 00:02:04.191118 | classification board attempt=2:
[[0 0 0]
 [0 0 0]
 [0 0 0]]
2026-03-01 00:02:04.191201 | Full rescan trigger: low_confidence
2026-03-01 00:02:04.191254 | Proceeding with latest frame after final recovery attempt.
2026-03-01 00:02:04.191322 | No valid pair found; recorded failure.
2026-03-01 00:02:04.191429 | Runtime state: {'move_count': 0, 'consecutive_failures': 1, 'last_full_rescan_move': 0, 'rescan_requested': True, 'last_rescan_reason': 'low_confidence', 'last_event': 'failure', 'last_pair': None}
