2026-03-01 00:19:54.250010 | run logger initialized
2026-03-01 00:19:54.250142 | Run diagnostics directory: debug/runs/main_20260301_001954_249767
2026-03-01 00:19:54.250204 | flags capture_once=False classify_once=False click_once=True dry_run=False
2026-03-01 00:19:54.282281 | Loaded core templates: block.png, background.png
2026-03-01 00:19:54.282451 | Runtime state initialized: {'move_count': 0, 'consecutive_failures': 0, 'last_full_rescan_move': 0, 'rescan_requested': False, 'last_rescan_reason': None, 'last_event': 'init', 'last_pair': None}
2026-03-01 00:19:54.282531 | capture stable start: settle_wait_ms=500, stability_check_frames=2, stability_pixel_diff_threshold=8.0
2026-03-01 00:19:54.897890 | snapshot saved: debug/runs/main_20260301_001954_249767/stability_frame_initial_20260301_001954_896095.png
2026-03-01 00:19:54.956972 | stability attempt=1/12 diff=0.000 stable_pairs=1
2026-03-01 00:19:55.022996 | stability attempt=2/12 diff=0.000 stable_pairs=2
2026-03-01 00:19:55.025038 | snapshot saved: debug/runs/main_20260301_001954_249767/stability_frame_final_20260301_001955_023119.png
2026-03-01 00:19:55.026878 | snapshot saved: debug/runs/main_20260301_001954_249767/click_frame_attempt_1_20260301_001955_025109.png
2026-03-01 00:19:55.033311 | Classification complete (attempt 1/1). Unknown cells: 2/9
2026-03-01 00:19:55.037105 | snapshot saved: debug/runs/main_20260301_001954_249767/click_classification_overlay_attempt_1_20260301_001955_035325.png
2026-03-01 00:19:55.037424 | classification board attempt=1:
[[ 1  0  1]
 [ 1 -1  1]
 [ 1  1  0]]
2026-03-01 00:19:55.037515 | Selected pair: ((0, 0), (0, 2))
2026-03-01 00:19:55.037575 | click plan: first=(0, 0) -> (3102, 472), second=(0, 2) -> (3260, 472), dry_run=False
2026-03-01 00:19:55.037620 | Pre-click dismiss: tapping configured screen middle before pair click.
2026-03-01 00:19:55.037665 | Pre-dismiss wait: sleeping 1.000s before dismiss click.
2026-03-01 00:19:56.633913 | Post-dismiss wait: sleeping 1.000s before first tile click.
2026-03-01 00:20:00.682247 | Runtime state: {'move_count': 1, 'consecutive_failures': 0, 'last_full_rescan_move': 0, 'rescan_requested': False, 'last_rescan_reason': None, 'last_event': 'move_success', 'last_pair': ((0, 0), (0, 2))}
2026-03-01 00:20:00.683526 | Clicked selected pair.
