2026-03-01 00:21:34.589996 | run logger initialized
2026-03-01 00:21:34.590173 | Run diagnostics directory: debug/runs/main_20260301_002134_589719
2026-03-01 00:21:34.590268 | flags capture_once=False classify_once=False click_once=True dry_run=False
2026-03-01 00:21:34.634390 | Loaded core templates: block.png, background.png
2026-03-01 00:21:34.634592 | Runtime state initialized: {'move_count': 0, 'consecutive_failures': 0, 'last_full_rescan_move': 0, 'rescan_requested': False, 'last_rescan_reason': None, 'last_event': 'init', 'last_pair': None}
2026-03-01 00:21:34.634680 | capture stable start: settle_wait_ms=500, stability_check_frames=2, stability_pixel_diff_threshold=8.0
2026-03-01 00:21:35.240708 | snapshot saved: debug/runs/main_20260301_002134_589719/stability_frame_initial_20260301_002135_237451.png
2026-03-01 00:21:35.309278 | stability attempt=1/12 diff=0.000 stable_pairs=1
2026-03-01 00:21:35.369280 | stability attempt=2/12 diff=0.000 stable_pairs=2
2026-03-01 00:21:35.371332 | snapshot saved: debug/runs/main_20260301_002134_589719/stability_frame_final_20260301_002135_369440.png
2026-03-01 00:21:35.373275 | snapshot saved: debug/runs/main_20260301_002134_589719/click_frame_attempt_1_20260301_002135_371418.png
2026-03-01 00:21:35.388754 | Classification complete (attempt 1/1). Unknown cells: 2/9
2026-03-01 00:21:35.394314 | snapshot saved: debug/runs/main_20260301_002134_589719/click_classification_overlay_attempt_1_20260301_002135_392689.png
2026-03-01 00:21:35.394819 | classification board attempt=1:
[[ 1  0  1]
 [ 1 -1  1]
 [ 1  1  0]]
2026-03-01 00:21:35.394917 | Selected pair: ((0, 0), (0, 2))
2026-03-01 00:21:35.394973 | click plan: first=(0, 0) -> (3102, 472), second=(0, 2) -> (3260, 472), dry_run=False
2026-03-01 00:21:35.395038 | Pre-click dismiss: tapping configured screen middle before pair click.
2026-03-01 00:21:35.395191 | Pre-dismiss wait: sleeping 1.000s before dismiss click.
2026-03-01 00:21:36.988865 | Post-dismiss wait: sleeping 1.500s before first tile click.
2026-03-01 00:21:41.534686 | Runtime state: {'move_count': 1, 'consecutive_failures': 0, 'last_full_rescan_move': 0, 'rescan_requested': False, 'last_rescan_reason': None, 'last_event': 'move_success', 'last_pair': ((0, 0), (0, 2))}
2026-03-01 00:21:41.535593 | Clicked selected pair.
