2026-03-01 00:12:50.781257 | run logger initialized
2026-03-01 00:12:50.781386 | Run diagnostics directory: debug/runs/main_20260301_001250_781010
2026-03-01 00:12:50.781451 | flags capture_once=False classify_once=False click_once=True dry_run=False
2026-03-01 00:12:50.828747 | Loaded core templates: block.png, background.png
2026-03-01 00:12:50.828958 | Runtime state initialized: {'move_count': 0, 'consecutive_failures': 0, 'last_full_rescan_move': 0, 'rescan_requested': False, 'last_rescan_reason': None, 'last_event': 'init', 'last_pair': None}
2026-03-01 00:12:50.829054 | capture stable start: settle_wait_ms=500, stability_check_frames=2, stability_pixel_diff_threshold=8.0
2026-03-01 00:12:51.449327 | snapshot saved: debug/runs/main_20260301_001250_781010/stability_frame_initial_20260301_001251_446730.png
2026-03-01 00:12:51.516201 | stability attempt=1/12 diff=0.000 stable_pairs=1
2026-03-01 00:12:51.576389 | stability attempt=2/12 diff=0.000 stable_pairs=2
2026-03-01 00:12:51.577686 | snapshot saved: debug/runs/main_20260301_001250_781010/stability_frame_final_20260301_001251_576522.png
2026-03-01 00:12:51.578819 | snapshot saved: debug/runs/main_20260301_001250_781010/click_frame_attempt_1_20260301_001251_577757.png
2026-03-01 00:12:51.593785 | Classification complete (attempt 1/1). Unknown cells: 6/9
2026-03-01 00:12:51.599628 | snapshot saved: debug/runs/main_20260301_001250_781010/click_classification_overlay_attempt_1_20260301_001251_598299.png
2026-03-01 00:12:51.600239 | classification board attempt=1:
[[ 0  0  0]
 [ 0 -1  0]
 [ 1  1  0]]
2026-03-01 00:12:51.600358 | Selected pair: ((2, 0), (2, 1))
2026-03-01 00:12:51.600447 | click plan: first=(2, 0) -> (3102, 616), second=(2, 1) -> (3181, 616), dry_run=False
2026-03-01 00:12:51.600509 | Pre-click dismiss: tapping configured screen middle before pair click.
2026-03-01 00:12:51.600561 | Pre-dismiss wait: sleeping 1.000s before dismiss click.
2026-03-01 00:12:53.181525 | Post-dismiss wait: sleeping 1.000s before first tile click.
2026-03-01 00:12:56.856294 | Runtime state: {'move_count': 1, 'consecutive_failures': 0, 'last_full_rescan_move': 0, 'rescan_requested': False, 'last_rescan_reason': None, 'last_event': 'move_success', 'last_pair': ((2, 0), (2, 1))}
2026-03-01 00:12:56.856724 | Clicked selected pair.
