2026-03-01 00:05:43.755968 | run logger initialized
2026-03-01 00:05:43.756103 | Run diagnostics directory: debug/runs/main_20260301_000543_755605
2026-03-01 00:05:43.756160 | flags capture_once=False classify_once=False click_once=True dry_run=False
2026-03-01 00:05:43.797963 | Loaded core templates: block.png, background.png
2026-03-01 00:05:43.798146 | Runtime state initialized: {'move_count': 0, 'consecutive_failures': 0, 'last_full_rescan_move': 0, 'rescan_requested': False, 'last_rescan_reason': None, 'last_event': 'init', 'last_pair': None}
2026-03-01 00:05:43.798330 | capture stable start: settle_wait_ms=500, stability_check_frames=2, stability_pixel_diff_threshold=8.0
2026-03-01 00:05:44.424295 | snapshot saved: debug/runs/main_20260301_000543_755605/stability_frame_initial_20260301_000544_420438.png
2026-03-01 00:05:44.498563 | stability attempt=1/12 diff=0.000 stable_pairs=1
2026-03-01 00:05:44.557670 | stability attempt=2/12 diff=0.000 stable_pairs=2
2026-03-01 00:05:44.559815 | snapshot saved: debug/runs/main_20260301_000543_755605/stability_frame_final_20260301_000544_557835.png
2026-03-01 00:05:44.561660 | snapshot saved: debug/runs/main_20260301_000543_755605/click_frame_attempt_1_20260301_000544_559912.png
2026-03-01 00:05:44.578688 | Classification complete (attempt 1/2). Unknown cells: 2/9
2026-03-01 00:05:44.583721 | snapshot saved: debug/runs/main_20260301_000543_755605/click_classification_overlay_attempt_1_20260301_000544_582076.png
2026-03-01 00:05:44.584322 | classification board attempt=1:
[[ 1  0  1]
 [ 1 -1  1]
 [ 1  1  0]]
2026-03-01 00:05:44.584722 | Full rescan trigger: low_confidence
2026-03-01 00:05:44.584776 | capture stable start: settle_wait_ms=500, stability_check_frames=2, stability_pixel_diff_threshold=8.0
2026-03-01 00:05:45.140760 | snapshot saved: debug/runs/main_20260301_000543_755605/stability_frame_initial_20260301_000545_139217.png
2026-03-01 00:05:45.201315 | stability attempt=1/12 diff=0.000 stable_pairs=1
2026-03-01 00:05:45.260920 | stability attempt=2/12 diff=0.000 stable_pairs=2
2026-03-01 00:05:45.262269 | snapshot saved: debug/runs/main_20260301_000543_755605/stability_frame_final_20260301_000545_261056.png
2026-03-01 00:05:45.263457 | snapshot saved: debug/runs/main_20260301_000543_755605/click_frame_attempt_2_20260301_000545_262356.png
2026-03-01 00:05:45.268716 | Classification complete (attempt 2/2). Unknown cells: 7/9
2026-03-01 00:05:45.272603 | snapshot saved: debug/runs/main_20260301_000543_755605/click_classification_overlay_attempt_2_20260301_000545_271316.png
2026-03-01 00:05:45.272781 | classification board attempt=2:
[[1 0 1]
 [0 0 0]
 [0 0 0]]
2026-03-01 00:05:45.272862 | Full rescan trigger: low_confidence
2026-03-01 00:05:45.272913 | Proceeding with latest frame after final recovery attempt.
2026-03-01 00:05:45.273013 | Selected pair: ((0, 0), (0, 2))
2026-03-01 00:05:45.273181 | click plan: first=(0, 0) -> (3102, 472), second=(0, 2) -> (3260, 472), dry_run=False
2026-03-01 00:05:45.273254 | Pre-click dismiss: tapping configured screen middle before pair click.
2026-03-01 00:05:45.273406 | Pre-dismiss wait: sleeping 0.500s before dismiss click.
2026-03-01 00:05:46.336345 | Post-dismiss wait: sleeping 2.000s before first tile click.
2026-03-01 00:05:50.869756 | Runtime state: {'move_count': 1, 'consecutive_failures': 0, 'last_full_rescan_move': 0, 'rescan_requested': False, 'last_rescan_reason': 'low_confidence', 'last_event': 'move_success', 'last_pair': ((0, 0), (0, 2))}
2026-03-01 00:05:50.870743 | Clicked selected pair.
