2026-03-01 00:12:59.497462 | run logger initialized
2026-03-01 00:12:59.497610 | Run diagnostics directory: debug/runs/main_20260301_001259_497228
2026-03-01 00:12:59.497683 | flags capture_once=False classify_once=False click_once=True dry_run=False
2026-03-01 00:12:59.525230 | Loaded core templates: block.png, background.png
2026-03-01 00:12:59.525411 | Runtime state initialized: {'move_count': 0, 'consecutive_failures': 0, 'last_full_rescan_move': 0, 'rescan_requested': False, 'last_rescan_reason': None, 'last_event': 'init', 'last_pair': None}
2026-03-01 00:12:59.525499 | capture stable start: settle_wait_ms=500, stability_check_frames=2, stability_pixel_diff_threshold=8.0
2026-03-01 00:13:00.140530 | snapshot saved: debug/runs/main_20260301_001259_497228/stability_frame_initial_20260301_001300_139235.png
2026-03-01 00:13:00.204896 | stability attempt=1/12 diff=0.000 stable_pairs=1
2026-03-01 00:13:00.269067 | stability attempt=2/12 diff=0.000 stable_pairs=2
2026-03-01 00:13:00.270566 | snapshot saved: debug/runs/main_20260301_001259_497228/stability_frame_final_20260301_001300_269204.png
2026-03-01 00:13:00.271885 | snapshot saved: debug/runs/main_20260301_001259_497228/click_frame_attempt_1_20260301_001300_270642.png
2026-03-01 00:13:00.278034 | Classification complete (attempt 1/1). Unknown cells: 6/9
2026-03-01 00:13:00.282075 | snapshot saved: debug/runs/main_20260301_001259_497228/click_classification_overlay_attempt_1_20260301_001300_280719.png
2026-03-01 00:13:00.282409 | classification board attempt=1:
[[ 0  0  0]
 [ 0 -1  0]
 [ 1  1  0]]
2026-03-01 00:13:00.282512 | Selected pair: ((2, 0), (2, 1))
2026-03-01 00:13:00.282572 | click plan: first=(2, 0) -> (3102, 616), second=(2, 1) -> (3181, 616), dry_run=False
2026-03-01 00:13:00.282619 | Pre-click dismiss: tapping configured screen middle before pair click.
2026-03-01 00:13:00.282674 | Pre-dismiss wait: sleeping 1.000s before dismiss click.
2026-03-01 00:13:01.863119 | Post-dismiss wait: sleeping 1.000s before first tile click.
2026-03-01 00:13:05.534957 | Runtime state: {'move_count': 1, 'consecutive_failures': 0, 'last_full_rescan_move': 0, 'rescan_requested': False, 'last_rescan_reason': None, 'last_event': 'move_success', 'last_pair': ((2, 0), (2, 1))}
2026-03-01 00:13:05.535566 | Clicked selected pair.
