2026-03-01 00:19:30.865630 | run logger initialized
2026-03-01 00:19:30.865763 | Run diagnostics directory: debug/runs/main_20260301_001930_865385
2026-03-01 00:19:30.865825 | flags capture_once=False classify_once=False click_once=True dry_run=False
2026-03-01 00:19:30.904856 | Loaded core templates: block.png, background.png
2026-03-01 00:19:30.905066 | Runtime state initialized: {'move_count': 0, 'consecutive_failures': 0, 'last_full_rescan_move': 0, 'rescan_requested': False, 'last_rescan_reason': None, 'last_event': 'init', 'last_pair': None}
2026-03-01 00:19:30.905155 | capture stable start: settle_wait_ms=500, stability_check_frames=2, stability_pixel_diff_threshold=8.0
2026-03-01 00:19:31.530057 | snapshot saved: debug/runs/main_20260301_001930_865385/stability_frame_initial_20260301_001931_526428.png
2026-03-01 00:19:31.590606 | stability attempt=1/12 diff=0.000 stable_pairs=1
2026-03-01 00:19:31.652789 | stability attempt=2/12 diff=0.000 stable_pairs=2
2026-03-01 00:19:31.654891 | snapshot saved: debug/runs/main_20260301_001930_865385/stability_frame_final_20260301_001931_652913.png
2026-03-01 00:19:31.656793 | snapshot saved: debug/runs/main_20260301_001930_865385/click_frame_attempt_1_20260301_001931_654963.png
2026-03-01 00:19:31.673206 | Classification complete (attempt 1/1). Unknown cells: 2/9
2026-03-01 00:19:31.679182 | snapshot saved: debug/runs/main_20260301_001930_865385/click_classification_overlay_attempt_1_20260301_001931_677490.png
2026-03-01 00:19:31.679788 | classification board attempt=1:
[[ 1  0  1]
 [ 1 -1  1]
 [ 1  1  0]]
2026-03-01 00:19:31.679883 | Selected pair: ((0, 0), (0, 2))
2026-03-01 00:19:31.679939 | click plan: first=(0, 0) -> (3102, 472), second=(0, 2) -> (3260, 472), dry_run=False
2026-03-01 00:19:31.679986 | Pre-click dismiss: tapping configured screen middle before pair click.
2026-03-01 00:19:31.680033 | Pre-dismiss wait: sleeping 1.000s before dismiss click.
2026-03-01 00:19:33.261137 | Post-dismiss wait: sleeping 1.000s before first tile click.
2026-03-01 00:19:37.019285 | Runtime state: {'move_count': 1, 'consecutive_failures': 0, 'last_full_rescan_move': 0, 'rescan_requested': False, 'last_rescan_reason': None, 'last_event': 'move_success', 'last_pair': ((0, 0), (0, 2))}
2026-03-01 00:19:37.020082 | Clicked selected pair.
