2026-03-01 00:23:12.321481 | run logger initialized
2026-03-01 00:23:12.321737 | Run diagnostics directory: debug/runs/main_20260301_002312_321192
2026-03-01 00:23:12.321825 | flags capture_once=False classify_once=False click_once=True dry_run=False
2026-03-01 00:23:12.362522 | Loaded core templates: block.png, background.png
2026-03-01 00:23:12.362744 | Runtime state initialized: {'move_count': 0, 'consecutive_failures': 0, 'last_full_rescan_move': 0, 'rescan_requested': False, 'last_rescan_reason': None, 'last_event': 'init', 'last_pair': None}
2026-03-01 00:23:12.362838 | capture stable start: settle_wait_ms=0, stability_check_frames=2, stability_pixel_diff_threshold=8.0
2026-03-01 00:23:12.455047 | snapshot saved: debug/runs/main_20260301_002312_321192/stability_frame_initial_20260301_002312_451875.png
2026-03-01 00:23:12.521045 | stability attempt=1/12 diff=0.000 stable_pairs=1
2026-03-01 00:23:12.585503 | stability attempt=2/12 diff=0.000 stable_pairs=2
2026-03-01 00:23:12.587818 | snapshot saved: debug/runs/main_20260301_002312_321192/stability_frame_final_20260301_002312_585673.png
2026-03-01 00:23:12.589688 | snapshot saved: debug/runs/main_20260301_002312_321192/click_frame_attempt_1_20260301_002312_587918.png
2026-03-01 00:23:12.606639 | Classification complete (attempt 1/1). Unknown cells: 2/9
2026-03-01 00:23:12.612030 | snapshot saved: debug/runs/main_20260301_002312_321192/click_classification_overlay_attempt_1_20260301_002312_610220.png
2026-03-01 00:23:12.612567 | classification board attempt=1:
[[ 1  0  1]
 [ 1 -1  1]
 [ 1  1  0]]
2026-03-01 00:23:12.612654 | Selected pair: ((0, 0), (0, 2))
2026-03-01 00:23:12.612714 | click plan: first=(0, 0) -> (3102, 472), second=(0, 2) -> (3260, 472), dry_run=False
2026-03-01 00:23:12.612756 | Pre-click dismiss: tapping configured screen middle before pair click.
2026-03-01 00:23:12.612861 | Pre-dismiss wait: sleeping 1.000s before dismiss click.
2026-03-01 00:23:14.201923 | Post-dismiss wait: sleeping 1.500s before first tile click.
2026-03-01 00:23:22.283080 | Runtime state: {'move_count': 1, 'consecutive_failures': 0, 'last_full_rescan_move': 0, 'rescan_requested': False, 'last_rescan_reason': None, 'last_event': 'move_success', 'last_pair': ((0, 0), (0, 2))}
2026-03-01 00:23:22.283822 | Clicked selected pair.
