2026-03-01 00:11:58.141806 | run logger initialized
2026-03-01 00:11:58.141940 | Run diagnostics directory: debug/runs/main_20260301_001158_141574
2026-03-01 00:11:58.141995 | flags capture_once=False classify_once=False click_once=True dry_run=False
2026-03-01 00:11:58.172441 | Loaded core templates: block.png, background.png
2026-03-01 00:11:58.172623 | Runtime state initialized: {'move_count': 0, 'consecutive_failures': 0, 'last_full_rescan_move': 0, 'rescan_requested': False, 'last_rescan_reason': None, 'last_event': 'init', 'last_pair': None}
2026-03-01 00:11:58.172720 | capture stable start: settle_wait_ms=500, stability_check_frames=2, stability_pixel_diff_threshold=8.0
2026-03-01 00:11:58.771514 | snapshot saved: debug/runs/main_20260301_001158_141574/stability_frame_initial_20260301_001158_769995.png
2026-03-01 00:11:58.831612 | stability attempt=1/12 diff=0.000 stable_pairs=1
2026-03-01 00:11:58.891161 | stability attempt=2/12 diff=0.000 stable_pairs=2
2026-03-01 00:11:58.893875 | snapshot saved: debug/runs/main_20260301_001158_141574/stability_frame_final_20260301_001158_892147.png
2026-03-01 00:11:58.895417 | snapshot saved: debug/runs/main_20260301_001158_141574/click_frame_attempt_1_20260301_001158_893958.png
2026-03-01 00:11:58.901122 | Classification complete (attempt 1/1). Unknown cells: 4/9
2026-03-01 00:11:58.904792 | snapshot saved: debug/runs/main_20260301_001158_141574/click_classification_overlay_attempt_1_20260301_001158_903300.png
2026-03-01 00:11:58.905103 | classification board attempt=1:
[[ 0  0  0]
 [ 1 -1  1]
 [ 1  1  0]]
2026-03-01 00:11:58.905214 | Selected pair: ((1, 0), (1, 2))
2026-03-01 00:11:58.905274 | click plan: first=(1, 0) -> (3102, 544), second=(1, 2) -> (3260, 544), dry_run=False
2026-03-01 00:11:58.905316 | Pre-click dismiss: tapping configured screen middle before pair click.
2026-03-01 00:11:58.905360 | Pre-dismiss wait: sleeping 0.500s before dismiss click.
2026-03-01 00:11:59.983051 | Post-dismiss wait: sleeping 0.500s before first tile click.
2026-03-01 00:12:03.155061 | Runtime state: {'move_count': 1, 'consecutive_failures': 0, 'last_full_rescan_move': 0, 'rescan_requested': False, 'last_rescan_reason': None, 'last_event': 'move_success', 'last_pair': ((1, 0), (1, 2))}
2026-03-01 00:12:03.156365 | Clicked selected pair.
