2026-03-01 00:13:08.915097 | run logger initialized
2026-03-01 00:13:08.915224 | Run diagnostics directory: debug/runs/main_20260301_001308_914862
2026-03-01 00:13:08.915287 | flags capture_once=False classify_once=False click_once=True dry_run=False
2026-03-01 00:13:08.942258 | Loaded core templates: block.png, background.png
2026-03-01 00:13:08.942454 | Runtime state initialized: {'move_count': 0, 'consecutive_failures': 0, 'last_full_rescan_move': 0, 'rescan_requested': False, 'last_rescan_reason': None, 'last_event': 'init', 'last_pair': None}
2026-03-01 00:13:08.942551 | capture stable start: settle_wait_ms=500, stability_check_frames=2, stability_pixel_diff_threshold=8.0
2026-03-01 00:13:09.539699 | snapshot saved: debug/runs/main_20260301_001308_914862/stability_frame_initial_20260301_001309_538467.png
2026-03-01 00:13:09.599431 | stability attempt=1/12 diff=0.000 stable_pairs=1
2026-03-01 00:13:09.656930 | stability attempt=2/12 diff=0.000 stable_pairs=2
2026-03-01 00:13:09.658332 | snapshot saved: debug/runs/main_20260301_001308_914862/stability_frame_final_20260301_001309_657045.png
2026-03-01 00:13:09.659594 | snapshot saved: debug/runs/main_20260301_001308_914862/click_frame_attempt_1_20260301_001309_658396.png
2026-03-01 00:13:09.665349 | Classification complete (attempt 1/1). Unknown cells: 6/9
2026-03-01 00:13:09.669201 | snapshot saved: debug/runs/main_20260301_001308_914862/click_classification_overlay_attempt_1_20260301_001309_667934.png
2026-03-01 00:13:09.669510 | classification board attempt=1:
[[ 0  0  0]
 [ 0 -1  0]
 [ 1  1  0]]
2026-03-01 00:13:09.669603 | Selected pair: ((2, 0), (2, 1))
2026-03-01 00:13:09.669658 | click plan: first=(2, 0) -> (3102, 616), second=(2, 1) -> (3181, 616), dry_run=False
2026-03-01 00:13:09.669702 | Pre-click dismiss: tapping configured screen middle before pair click.
2026-03-01 00:13:09.669748 | Pre-dismiss wait: sleeping 1.000s before dismiss click.
2026-03-01 00:13:11.227015 | Post-dismiss wait: sleeping 1.000s before first tile click.
2026-03-01 00:13:14.902410 | Runtime state: {'move_count': 1, 'consecutive_failures': 0, 'last_full_rescan_move': 0, 'rescan_requested': False, 'last_rescan_reason': None, 'last_event': 'move_success', 'last_pair': ((2, 0), (2, 1))}
2026-03-01 00:13:14.903290 | Clicked selected pair.
