2026-03-01 00:20:42.108319 | run logger initialized
2026-03-01 00:20:42.108470 | Run diagnostics directory: debug/runs/main_20260301_002042_108077
2026-03-01 00:20:42.108546 | flags capture_once=False classify_once=False click_once=True dry_run=False
2026-03-01 00:20:42.136358 | Loaded core templates: block.png, background.png
2026-03-01 00:20:42.136558 | Runtime state initialized: {'move_count': 0, 'consecutive_failures': 0, 'last_full_rescan_move': 0, 'rescan_requested': False, 'last_rescan_reason': None, 'last_event': 'init', 'last_pair': None}
2026-03-01 00:20:42.136653 | capture stable start: settle_wait_ms=500, stability_check_frames=2, stability_pixel_diff_threshold=8.0
2026-03-01 00:20:42.745436 | snapshot saved: debug/runs/main_20260301_002042_108077/stability_frame_initial_20260301_002042_743610.png
2026-03-01 00:20:42.805296 | stability attempt=1/12 diff=0.000 stable_pairs=1
2026-03-01 00:20:42.871635 | stability attempt=2/12 diff=0.000 stable_pairs=2
2026-03-01 00:20:42.873842 | snapshot saved: debug/runs/main_20260301_002042_108077/stability_frame_final_20260301_002042_871770.png
2026-03-01 00:20:42.875726 | snapshot saved: debug/runs/main_20260301_002042_108077/click_frame_attempt_1_20260301_002042_873934.png
2026-03-01 00:20:42.882027 | Classification complete (attempt 1/1). Unknown cells: 2/9
2026-03-01 00:20:42.885728 | snapshot saved: debug/runs/main_20260301_002042_108077/click_classification_overlay_attempt_1_20260301_002042_883937.png
2026-03-01 00:20:42.886046 | classification board attempt=1:
[[ 1  0  1]
 [ 1 -1  1]
 [ 1  1  0]]
2026-03-01 00:20:42.886138 | Selected pair: ((0, 0), (0, 2))
2026-03-01 00:20:42.886194 | click plan: first=(0, 0) -> (3102, 472), second=(0, 2) -> (3260, 472), dry_run=False
2026-03-01 00:20:42.886240 | Pre-click dismiss: tapping configured screen middle before pair click.
2026-03-01 00:20:42.886285 | Pre-dismiss wait: sleeping 1.000s before dismiss click.
2026-03-01 00:20:44.469915 | Post-dismiss wait: sleeping 1.500s before first tile click.
2026-03-01 00:20:49.017604 | Runtime state: {'move_count': 1, 'consecutive_failures': 0, 'last_full_rescan_move': 0, 'rescan_requested': False, 'last_rescan_reason': None, 'last_event': 'move_success', 'last_pair': ((0, 0), (0, 2))}
2026-03-01 00:20:49.018259 | Clicked selected pair.
