2026-03-01 00:11:13.013539 | run logger initialized
2026-03-01 00:11:13.013685 | Run diagnostics directory: debug/runs/main_20260301_001113_013288
2026-03-01 00:11:13.013745 | flags capture_once=False classify_once=False click_once=True dry_run=False
2026-03-01 00:11:13.054417 | Loaded core templates: block.png, background.png
2026-03-01 00:11:13.054597 | Runtime state initialized: {'move_count': 0, 'consecutive_failures': 0, 'last_full_rescan_move': 0, 'rescan_requested': False, 'last_rescan_reason': None, 'last_event': 'init', 'last_pair': None}
2026-03-01 00:11:13.054682 | capture stable start: settle_wait_ms=500, stability_check_frames=2, stability_pixel_diff_threshold=8.0
2026-03-01 00:11:13.660866 | snapshot saved: debug/runs/main_20260301_001113_013288/stability_frame_initial_20260301_001113_658054.png
2026-03-01 00:11:13.717150 | stability attempt=1/12 diff=0.000 stable_pairs=1
2026-03-01 00:11:13.779634 | stability attempt=2/12 diff=0.000 stable_pairs=2
2026-03-01 00:11:13.781605 | snapshot saved: debug/runs/main_20260301_001113_013288/stability_frame_final_20260301_001113_779759.png
2026-03-01 00:11:13.783410 | snapshot saved: debug/runs/main_20260301_001113_013288/click_frame_attempt_1_20260301_001113_781688.png
2026-03-01 00:11:13.800605 | Classification complete (attempt 1/1). Unknown cells: 2/9
2026-03-01 00:11:13.805789 | snapshot saved: debug/runs/main_20260301_001113_013288/click_classification_overlay_attempt_1_20260301_001113_803974.png
2026-03-01 00:11:13.806316 | classification board attempt=1:
[[ 1  0  1]
 [ 1 -1  1]
 [ 1  1  0]]
2026-03-01 00:11:13.806404 | Selected pair: ((0, 0), (0, 2))
2026-03-01 00:11:13.806464 | click plan: first=(0, 0) -> (3102, 472), second=(0, 2) -> (3260, 472), dry_run=False
2026-03-01 00:11:13.806508 | Pre-click dismiss: tapping configured screen middle before pair click.
2026-03-01 00:11:13.806582 | Pre-dismiss wait: sleeping 0.500s before dismiss click.
2026-03-01 00:11:14.885713 | Post-dismiss wait: sleeping 0.500s before first tile click.
2026-03-01 00:11:18.052288 | Runtime state: {'move_count': 1, 'consecutive_failures': 0, 'last_full_rescan_move': 0, 'rescan_requested': False, 'last_rescan_reason': None, 'last_event': 'move_success', 'last_pair': ((0, 0), (0, 2))}
2026-03-01 00:11:18.052802 | Clicked selected pair.
