2026-03-01 00:09:05.299603 | run logger initialized
2026-03-01 00:09:05.299737 | Run diagnostics directory: debug/runs/main_20260301_000905_299368
2026-03-01 00:09:05.299788 | flags capture_once=False classify_once=False click_once=True dry_run=False
2026-03-01 00:09:05.336531 | Loaded core templates: block.png, background.png
2026-03-01 00:09:05.336681 | Runtime state initialized: {'move_count': 0, 'consecutive_failures': 0, 'last_full_rescan_move': 0, 'rescan_requested': False, 'last_rescan_reason': None, 'last_event': 'init', 'last_pair': None}
2026-03-01 00:09:05.336811 | capture stable start: settle_wait_ms=500, stability_check_frames=2, stability_pixel_diff_threshold=8.0
2026-03-01 00:09:05.948701 | snapshot saved: debug/runs/main_20260301_000905_299368/stability_frame_initial_20260301_000905_946284.png
2026-03-01 00:09:06.016217 | stability attempt=1/12 diff=0.000 stable_pairs=1
2026-03-01 00:09:06.077866 | stability attempt=2/12 diff=0.000 stable_pairs=2
2026-03-01 00:09:06.079648 | snapshot saved: debug/runs/main_20260301_000905_299368/stability_frame_final_20260301_000906_078022.png
2026-03-01 00:09:06.081250 | snapshot saved: debug/runs/main_20260301_000905_299368/click_frame_attempt_1_20260301_000906_079725.png
2026-03-01 00:09:06.097403 | Classification complete (attempt 1/2). Unknown cells: 4/9
2026-03-01 00:09:06.103759 | snapshot saved: debug/runs/main_20260301_000905_299368/click_classification_overlay_attempt_1_20260301_000906_102015.png
2026-03-01 00:09:06.104399 | classification board attempt=1:
[[ 0  0  0]
 [ 1 -1  1]
 [ 1  1  0]]
2026-03-01 00:09:06.104986 | Full rescan trigger: low_confidence
2026-03-01 00:09:06.105090 | capture stable start: settle_wait_ms=500, stability_check_frames=2, stability_pixel_diff_threshold=8.0
2026-03-01 00:09:06.668257 | snapshot saved: debug/runs/main_20260301_000905_299368/stability_frame_initial_20260301_000906_666759.png
2026-03-01 00:09:06.730270 | stability attempt=1/12 diff=0.000 stable_pairs=1
2026-03-01 00:09:06.792028 | stability attempt=2/12 diff=0.000 stable_pairs=2
2026-03-01 00:09:06.793040 | snapshot saved: debug/runs/main_20260301_000905_299368/stability_frame_final_20260301_000906_792176.png
2026-03-01 00:09:06.793934 | snapshot saved: debug/runs/main_20260301_000905_299368/click_frame_attempt_2_20260301_000906_793136.png
2026-03-01 00:09:06.798375 | Classification complete (attempt 2/2). Unknown cells: 9/9
2026-03-01 00:09:06.801930 | snapshot saved: debug/runs/main_20260301_000905_299368/click_classification_overlay_attempt_2_20260301_000906_800836.png
2026-03-01 00:09:06.802148 | classification board attempt=2:
[[0 0 0]
 [0 0 0]
 [0 0 0]]
2026-03-01 00:09:06.802246 | Full rescan trigger: low_confidence
2026-03-01 00:09:06.802296 | Proceeding with latest frame after final recovery attempt.
2026-03-01 00:09:06.802390 | No valid pair found; recorded failure.
2026-03-01 00:09:06.802484 | Runtime state: {'move_count': 0, 'consecutive_failures': 1, 'last_full_rescan_move': 0, 'rescan_requested': True, 'last_rescan_reason': 'low_confidence', 'last_event': 'failure', 'last_pair': None}
