2026-03-01 00:25:25.696816 | run logger initialized
2026-03-01 00:25:25.696961 | Run diagnostics directory: debug/runs/main_20260301_002525_696557
2026-03-01 00:25:25.697017 | flags capture_once=False classify_once=False click_once=True dry_run=False
2026-03-01 00:25:25.738160 | Loaded core templates: block.png, background.png
2026-03-01 00:25:25.738387 | Runtime state initialized: {'move_count': 0, 'consecutive_failures': 0, 'last_full_rescan_move': 0, 'rescan_requested': False, 'last_rescan_reason': None, 'last_event': 'init', 'last_pair': None}
2026-03-01 00:25:25.738470 | capture start: settle_wait_ms=500
2026-03-01 00:25:26.366582 | snapshot saved: debug/runs/main_20260301_002525_696557/capture_frame_20260301_002526_362941.png
2026-03-01 00:25:26.369018 | snapshot saved: debug/runs/main_20260301_002525_696557/click_frame_attempt_1_20260301_002526_366707.png
2026-03-01 00:25:26.386487 | Classification complete (attempt 1/1). Unknown cells: 0/9
2026-03-01 00:25:26.391518 | snapshot saved: debug/runs/main_20260301_002525_696557/click_classification_overlay_attempt_1_20260301_002526_389858.png
2026-03-01 00:25:26.392044 | classification board attempt=1:
[[ 1  1 -1]
 [ 1  1  2]
 [ 1  1  2]]
2026-03-01 00:25:26.392134 | Selected pair: ((0, 0), (0, 1))
2026-03-01 00:25:26.392206 | click plan: first=(0, 0) -> (3102, 472), second=(0, 1) -> (3181, 472), dry_run=False
2026-03-01 00:25:26.392255 | Pre-click dismiss: tapping configured screen middle before pair click.
2026-03-01 00:25:26.392363 | Pre-dismiss wait: sleeping 1.000s before dismiss click.
2026-03-01 00:25:27.689726 | Post-dismiss wait: sleeping 1.500s before first tile click.
2026-03-01 00:25:34.281565 | Runtime state: {'move_count': 1, 'consecutive_failures': 0, 'last_full_rescan_move': 0, 'rescan_requested': False, 'last_rescan_reason': None, 'last_event': 'move_success', 'last_pair': ((0, 0), (0, 1))}
2026-03-01 00:25:34.282617 | Clicked selected pair.
