2026-03-01 00:18:44.911619 | run logger initialized
2026-03-01 00:18:44.911761 | Run diagnostics directory: debug/runs/main_20260301_001844_911346
2026-03-01 00:18:44.911817 | flags capture_once=False classify_once=False click_once=True dry_run=False
2026-03-01 00:18:44.942065 | Loaded core templates: block.png, background.png
2026-03-01 00:18:44.942225 | Runtime state initialized: {'move_count': 0, 'consecutive_failures': 0, 'last_full_rescan_move': 0, 'rescan_requested': False, 'last_rescan_reason': None, 'last_event': 'init', 'last_pair': None}
2026-03-01 00:18:44.942304 | capture stable start: settle_wait_ms=500, stability_check_frames=2, stability_pixel_diff_threshold=8.0
2026-03-01 00:18:45.556940 | snapshot saved: debug/runs/main_20260301_001844_911346/stability_frame_initial_20260301_001845_555190.png
2026-03-01 00:18:45.617422 | stability attempt=1/12 diff=0.000 stable_pairs=1
2026-03-01 00:18:45.678265 | stability attempt=2/12 diff=0.000 stable_pairs=2
2026-03-01 00:18:45.681168 | snapshot saved: debug/runs/main_20260301_001844_911346/stability_frame_final_20260301_001845_678387.png
2026-03-01 00:18:45.683127 | snapshot saved: debug/runs/main_20260301_001844_911346/click_frame_attempt_1_20260301_001845_681245.png
2026-03-01 00:18:45.689604 | Classification complete (attempt 1/1). Unknown cells: 2/9
2026-03-01 00:18:45.693375 | snapshot saved: debug/runs/main_20260301_001844_911346/click_classification_overlay_attempt_1_20260301_001845_691614.png
2026-03-01 00:18:45.693699 | classification board attempt=1:
[[ 1  0  1]
 [ 1 -1  1]
 [ 1  1  0]]
2026-03-01 00:18:45.693792 | Selected pair: ((0, 0), (0, 2))
2026-03-01 00:18:45.693847 | click plan: first=(0, 0) -> (3102, 472), second=(0, 2) -> (3260, 472), dry_run=False
2026-03-01 00:18:45.693891 | Pre-click dismiss: tapping configured screen middle before pair click.
2026-03-01 00:18:45.693960 | Pre-dismiss wait: sleeping 1.000s before dismiss click.
2026-03-01 00:18:47.276178 | Post-dismiss wait: sleeping 1.000s before first tile click.
2026-03-01 00:18:52.153390 | Runtime state: {'move_count': 1, 'consecutive_failures': 0, 'last_full_rescan_move': 0, 'rescan_requested': False, 'last_rescan_reason': None, 'last_event': 'move_success', 'last_pair': ((0, 0), (0, 2))}
2026-03-01 00:18:52.154271 | Clicked selected pair.
