2026-03-01 00:07:38.053978 | run logger initialized
2026-03-01 00:07:38.054113 | Run diagnostics directory: debug/runs/main_20260301_000738_053731
2026-03-01 00:07:38.054174 | flags capture_once=False classify_once=False click_once=True dry_run=False
2026-03-01 00:07:38.082250 | Loaded core templates: block.png, background.png
2026-03-01 00:07:38.082417 | Runtime state initialized: {'move_count': 0, 'consecutive_failures': 0, 'last_full_rescan_move': 0, 'rescan_requested': False, 'last_rescan_reason': None, 'last_event': 'init', 'last_pair': None}
2026-03-01 00:07:38.082567 | capture stable start: settle_wait_ms=500, stability_check_frames=2, stability_pixel_diff_threshold=8.0
2026-03-01 00:07:38.701346 | snapshot saved: debug/runs/main_20260301_000738_053731/stability_frame_initial_20260301_000738_700319.png
2026-03-01 00:07:38.760419 | stability attempt=1/12 diff=0.000 stable_pairs=1
2026-03-01 00:07:38.825964 | stability attempt=2/12 diff=0.000 stable_pairs=2
2026-03-01 00:07:38.827120 | snapshot saved: debug/runs/main_20260301_000738_053731/stability_frame_final_20260301_000738_826127.png
2026-03-01 00:07:38.828003 | snapshot saved: debug/runs/main_20260301_000738_053731/click_frame_attempt_1_20260301_000738_827212.png
2026-03-01 00:07:38.834098 | Classification complete (attempt 1/2). Unknown cells: 9/9
2026-03-01 00:07:38.837817 | snapshot saved: debug/runs/main_20260301_000738_053731/click_classification_overlay_attempt_1_20260301_000738_836842.png
2026-03-01 00:07:38.838165 | classification board attempt=1:
[[0 0 0]
 [0 0 0]
 [0 0 0]]
2026-03-01 00:07:38.838412 | Full rescan trigger: low_confidence
2026-03-01 00:07:38.838460 | capture stable start: settle_wait_ms=500, stability_check_frames=2, stability_pixel_diff_threshold=8.0
2026-03-01 00:07:39.386167 | snapshot saved: debug/runs/main_20260301_000738_053731/stability_frame_initial_20260301_000739_384938.png
2026-03-01 00:07:39.456862 | stability attempt=1/12 diff=0.000 stable_pairs=1
2026-03-01 00:07:39.524735 | stability attempt=2/12 diff=0.000 stable_pairs=2
2026-03-01 00:07:39.525926 | snapshot saved: debug/runs/main_20260301_000738_053731/stability_frame_final_20260301_000739_524925.png
2026-03-01 00:07:39.526897 | snapshot saved: debug/runs/main_20260301_000738_053731/click_frame_attempt_2_20260301_000739_526017.png
2026-03-01 00:07:39.532056 | Classification complete (attempt 2/2). Unknown cells: 9/9
2026-03-01 00:07:39.536183 | snapshot saved: debug/runs/main_20260301_000738_053731/click_classification_overlay_attempt_2_20260301_000739_535062.png
2026-03-01 00:07:39.536356 | classification board attempt=2:
[[0 0 0]
 [0 0 0]
 [0 0 0]]
2026-03-01 00:07:39.536437 | Full rescan trigger: low_confidence
2026-03-01 00:07:39.536486 | Proceeding with latest frame after final recovery attempt.
2026-03-01 00:07:39.536562 | No valid pair found; recorded failure.
2026-03-01 00:07:39.536613 | Runtime state: {'move_count': 0, 'consecutive_failures': 1, 'last_full_rescan_move': 0, 'rescan_requested': True, 'last_rescan_reason': 'low_confidence', 'last_event': 'failure', 'last_pair': None}
