2026-03-01 00:13:34.872300 | run logger initialized
2026-03-01 00:13:34.872450 | Run diagnostics directory: debug/runs/main_20260301_001334_872053
2026-03-01 00:13:34.872514 | flags capture_once=False classify_once=False click_once=True dry_run=False
2026-03-01 00:13:34.913552 | Loaded core templates: block.png, background.png
2026-03-01 00:13:34.913755 | Runtime state initialized: {'move_count': 0, 'consecutive_failures': 0, 'last_full_rescan_move': 0, 'rescan_requested': False, 'last_rescan_reason': None, 'last_event': 'init', 'last_pair': None}
2026-03-01 00:13:34.913846 | capture stable start: settle_wait_ms=500, stability_check_frames=2, stability_pixel_diff_threshold=8.0
2026-03-01 00:13:35.535686 | snapshot saved: debug/runs/main_20260301_001334_872053/stability_frame_initial_20260301_001335_532744.png
2026-03-01 00:13:35.611846 | stability attempt=1/12 diff=0.000 stable_pairs=1
2026-03-01 00:13:35.670426 | stability attempt=2/12 diff=0.000 stable_pairs=2
2026-03-01 00:13:35.671952 | snapshot saved: debug/runs/main_20260301_001334_872053/stability_frame_final_20260301_001335_670590.png
2026-03-01 00:13:35.673277 | snapshot saved: debug/runs/main_20260301_001334_872053/click_frame_attempt_1_20260301_001335_672029.png
2026-03-01 00:13:35.689876 | Classification complete (attempt 1/1). Unknown cells: 6/9
2026-03-01 00:13:35.695171 | snapshot saved: debug/runs/main_20260301_001334_872053/click_classification_overlay_attempt_1_20260301_001335_693921.png
2026-03-01 00:13:35.695698 | classification board attempt=1:
[[ 0  0  0]
 [ 0 -1  0]
 [ 1  1  0]]
2026-03-01 00:13:35.695794 | Selected pair: ((2, 0), (2, 1))
2026-03-01 00:13:35.695848 | click plan: first=(2, 0) -> (3102, 616), second=(2, 1) -> (3181, 616), dry_run=False
2026-03-01 00:13:35.695889 | Pre-click dismiss: tapping configured screen middle before pair click.
2026-03-01 00:13:35.695996 | Pre-dismiss wait: sleeping 1.000s before dismiss click.
2026-03-01 00:13:37.276659 | Post-dismiss wait: sleeping 1.000s before first tile click.
2026-03-01 00:13:40.952532 | Runtime state: {'move_count': 1, 'consecutive_failures': 0, 'last_full_rescan_move': 0, 'rescan_requested': False, 'last_rescan_reason': None, 'last_event': 'move_success', 'last_pair': ((2, 0), (2, 1))}
2026-03-01 00:13:40.953252 | Clicked selected pair.
