2026-03-01 00:12:31.335508 | run logger initialized
2026-03-01 00:12:31.335639 | Run diagnostics directory: debug/runs/main_20260301_001231_335275
2026-03-01 00:12:31.335701 | flags capture_once=False classify_once=False click_once=True dry_run=False
2026-03-01 00:12:31.363200 | Loaded core templates: block.png, background.png
2026-03-01 00:12:31.363410 | Runtime state initialized: {'move_count': 0, 'consecutive_failures': 0, 'last_full_rescan_move': 0, 'rescan_requested': False, 'last_rescan_reason': None, 'last_event': 'init', 'last_pair': None}
2026-03-01 00:12:31.363501 | capture stable start: settle_wait_ms=500, stability_check_frames=2, stability_pixel_diff_threshold=8.0
2026-03-01 00:12:31.958362 | snapshot saved: debug/runs/main_20260301_001231_335275/stability_frame_initial_20260301_001231_957057.png
2026-03-01 00:12:32.020501 | stability attempt=1/12 diff=0.000 stable_pairs=1
2026-03-01 00:12:32.082873 | stability attempt=2/12 diff=0.000 stable_pairs=2
2026-03-01 00:12:32.084850 | snapshot saved: debug/runs/main_20260301_001231_335275/stability_frame_final_20260301_001232_083005.png
2026-03-01 00:12:32.086384 | snapshot saved: debug/runs/main_20260301_001231_335275/click_frame_attempt_1_20260301_001232_084950.png
2026-03-01 00:12:32.092348 | Classification complete (attempt 1/1). Unknown cells: 6/9
2026-03-01 00:12:32.096224 | snapshot saved: debug/runs/main_20260301_001231_335275/click_classification_overlay_attempt_1_20260301_001232_094867.png
2026-03-01 00:12:32.096548 | classification board attempt=1:
[[ 0  0  0]
 [ 0 -1  0]
 [ 1  1  0]]
2026-03-01 00:12:32.096643 | Selected pair: ((2, 0), (2, 1))
2026-03-01 00:12:32.096702 | click plan: first=(2, 0) -> (3102, 616), second=(2, 1) -> (3181, 616), dry_run=False
2026-03-01 00:12:32.096752 | Pre-click dismiss: tapping configured screen middle before pair click.
2026-03-01 00:12:32.096797 | Pre-dismiss wait: sleeping 0.500s before dismiss click.
2026-03-01 00:12:33.177207 | Post-dismiss wait: sleeping 0.500s before first tile click.
2026-03-01 00:12:36.347032 | Runtime state: {'move_count': 1, 'consecutive_failures': 0, 'last_full_rescan_move': 0, 'rescan_requested': False, 'last_rescan_reason': None, 'last_event': 'move_success', 'last_pair': ((2, 0), (2, 1))}
2026-03-01 00:12:36.347526 | Clicked selected pair.
