2026-03-01 00:20:30.803524 | run logger initialized
2026-03-01 00:20:30.803671 | Run diagnostics directory: debug/runs/main_20260301_002030_803265
2026-03-01 00:20:30.803737 | flags capture_once=False classify_once=False click_once=True dry_run=False
2026-03-01 00:20:30.847427 | Loaded core templates: block.png, background.png
2026-03-01 00:20:30.847649 | Runtime state initialized: {'move_count': 0, 'consecutive_failures': 0, 'last_full_rescan_move': 0, 'rescan_requested': False, 'last_rescan_reason': None, 'last_event': 'init', 'last_pair': None}
2026-03-01 00:20:30.847745 | capture stable start: settle_wait_ms=500, stability_check_frames=2, stability_pixel_diff_threshold=8.0
2026-03-01 00:20:31.465854 | snapshot saved: debug/runs/main_20260301_002030_803265/stability_frame_initial_20260301_002031_462779.png
2026-03-01 00:20:31.527159 | stability attempt=1/12 diff=0.000 stable_pairs=1
2026-03-01 00:20:31.587475 | stability attempt=2/12 diff=0.000 stable_pairs=2
2026-03-01 00:20:31.589452 | snapshot saved: debug/runs/main_20260301_002030_803265/stability_frame_final_20260301_002031_587600.png
2026-03-01 00:20:31.591291 | snapshot saved: debug/runs/main_20260301_002030_803265/click_frame_attempt_1_20260301_002031_589528.png
2026-03-01 00:20:31.607877 | Classification complete (attempt 1/1). Unknown cells: 2/9
2026-03-01 00:20:31.614195 | snapshot saved: debug/runs/main_20260301_002030_803265/click_classification_overlay_attempt_1_20260301_002031_612588.png
2026-03-01 00:20:31.614867 | classification board attempt=1:
[[ 1  0  1]
 [ 1 -1  1]
 [ 1  1  0]]
2026-03-01 00:20:31.614993 | Selected pair: ((0, 0), (0, 2))
2026-03-01 00:20:31.615058 | click plan: first=(0, 0) -> (3102, 472), second=(0, 2) -> (3260, 472), dry_run=False
2026-03-01 00:20:31.615110 | Pre-click dismiss: tapping configured screen middle before pair click.
2026-03-01 00:20:31.615165 | Pre-dismiss wait: sleeping 1.000s before dismiss click.
2026-03-01 00:20:33.193517 | Post-dismiss wait: sleeping 1.500s before first tile click.
2026-03-01 00:20:37.751764 | Runtime state: {'move_count': 1, 'consecutive_failures': 0, 'last_full_rescan_move': 0, 'rescan_requested': False, 'last_rescan_reason': None, 'last_event': 'move_success', 'last_pair': ((0, 0), (0, 2))}
2026-03-01 00:20:37.752989 | Clicked selected pair.
