2026-03-01 00:02:39.703429 | run logger initialized
2026-03-01 00:02:39.703558 | Run diagnostics directory: debug/runs/main_20260301_000239_703187
2026-03-01 00:02:39.703622 | flags capture_once=False classify_once=False click_once=True dry_run=False
2026-03-01 00:02:39.742643 | Loaded core templates: block.png, background.png
2026-03-01 00:02:39.742823 | Runtime state initialized: {'move_count': 0, 'consecutive_failures': 0, 'last_full_rescan_move': 0, 'rescan_requested': False, 'last_rescan_reason': None, 'last_event': 'init', 'last_pair': None}
2026-03-01 00:02:39.742977 | capture stable start: settle_wait_ms=500, stability_check_frames=2, stability_pixel_diff_threshold=8.0
2026-03-01 00:02:40.366936 | snapshot saved: debug/runs/main_20260301_000239_703187/stability_frame_initial_20260301_000240_363750.png
2026-03-01 00:02:40.443448 | stability attempt=1/12 diff=0.000 stable_pairs=1
2026-03-01 00:02:40.508468 | stability attempt=2/12 diff=0.000 stable_pairs=2
2026-03-01 00:02:40.510609 | snapshot saved: debug/runs/main_20260301_000239_703187/stability_frame_final_20260301_000240_508642.png
2026-03-01 00:02:40.512510 | snapshot saved: debug/runs/main_20260301_000239_703187/click_frame_attempt_1_20260301_000240_510689.png
2026-03-01 00:02:40.529833 | Classification complete (attempt 1/2). Unknown cells: 0/9
2026-03-01 00:02:40.534474 | snapshot saved: debug/runs/main_20260301_000239_703187/click_classification_overlay_attempt_1_20260301_000240_532774.png
2026-03-01 00:02:40.535014 | classification board attempt=1:
[[ 1  1 -1]
 [ 1  1  2]
 [ 1  1  2]]
2026-03-01 00:02:40.535443 | Selected pair: ((0, 0), (0, 1))
2026-03-01 00:02:40.535500 | click plan: first=(0, 0) -> (3102, 472), second=(0, 1) -> (3181, 472), dry_run=False
2026-03-01 00:02:40.535543 | Pre-click dismiss: tapping configured screen middle before pair click.
2026-03-01 00:02:45.641377 | Runtime state: {'move_count': 1, 'consecutive_failures': 0, 'last_full_rescan_move': 0, 'rescan_requested': False, 'last_rescan_reason': None, 'last_event': 'move_success', 'last_pair': ((0, 0), (0, 1))}
2026-03-01 00:02:45.642567 | Clicked selected pair.
